<?xml version="1.0" encoding="UTF-8"?>
<testsuite xmlns:xsi="http://www.w3.org/2001/XMLSchema-instance" xsi:noNamespaceSchemaLocation="https://maven.apache.org/surefire/maven-surefire-plugin/xsd/surefire-test-report-3.0.xsd" version="3.0" name="com.example.MyBigNumberTest" time="0.079" tests="4" errors="0" skipped="0" failures="0">
  <properties>
[...]
</properties>
  <testcase name="testSumDifferentLengths" classname="com.example.MyBigNumberTest" time="0.055"/>
  <testcase name="testSumLargeNumbers" classname="com.example.MyBigNumberTest" time="0.008"/>
  <testcase name="testSumSimple" classname="com.example.MyBigNumberTest" time="0.0"/>
  <testcase name="testSumWithCarry" classname="com.example.MyBigNumberTest" time="0.0"/>
</testsuite>